24.03.2023 00:43:35.738 [http-nio-8080-exec-2] INFO  c.h.o.a.LoggingAspect - NEW REQUEST:
IP : 0:0:0:0:0:0:0:1
URL : http://localhost:8080/story
HTTP_METHOD : GET
CONTROLLER_METHOD : com.healyourself.ok_treatments.controller.StoryController.getAllStories
24.03.2023 00:43:35.744 [http-nio-8080-exec-2] INFO  c.h.o.a.LoggingAspect - RUN SERVICE:
SERVICE_METHOD : com.healyourself.ok_treatments.service.implementation.StoryServiceImpl.getAllStories
24.03.2023 00:43:35.753 [http-nio-8080-exec-2] WARN  o.h.e.j.s.SqlExceptionHelper - SQL Error: 42001, SQLState: 42001
24.03.2023 00:43:35.753 [http-nio-8080-exec-2] ERROR o.h.e.j.s.SqlExceptionHelper - Erreur de syntaxe dans l'instruction SQL "select t1_0.story_id,t1_1.id,t1_1.description,t1_1.name,t1_1.[*]value,t1_1.story_id from stories_therapies t1_0 join therapies t1_1 on t1_1.id=t1_0.therapies_id where t1_0.story_id=?"; attendu "identifier"
Syntax error in SQL statement "select t1_0.story_id,t1_1.id,t1_1.description,t1_1.name,t1_1.[*]value,t1_1.story_id from stories_therapies t1_0 join therapies t1_1 on t1_1.id=t1_0.therapies_id where t1_0.story_id=?"; expected "identifier"; SQL statement:
select t1_0.story_id,t1_1.id,t1_1.description,t1_1.name,t1_1.value,t1_1.story_id from stories_therapies t1_0 join therapies t1_1 on t1_1.id=t1_0.therapies_id where t1_0.story_id=? [42001-214]
24.03.2023 00:43:35.753 [http-nio-8080-exec-2] ERROR c.h.o.a.LoggingAspect - Request throw an exception. Cause - []. could not prepare statement
24.03.2023 00:43:35.754 [http-nio-8080-exec-2] ERROR o.a.c.c.C.[.[.[.[dispatcherServlet] - Servlet.service() for servlet [dispatcherServlet] in context with path [] threw exception [Request processing failed: org.hibernate.exception.SQLGrammarException: could not prepare statement] with root cause
org.h2.jdbc.JdbcSQLSyntaxErrorException: Erreur de syntaxe dans l'instruction SQL "select t1_0.story_id,t1_1.id,t1_1.description,t1_1.name,t1_1.[*]value,t1_1.story_id from stories_therapies t1_0 join therapies t1_1 on t1_1.id=t1_0.therapies_id where t1_0.story_id=?"; attendu "identifier"
Syntax error in SQL statement "select t1_0.story_id,t1_1.id,t1_1.description,t1_1.name,t1_1.[*]value,t1_1.story_id from stories_therapies t1_0 join therapies t1_1 on t1_1.id=t1_0.therapies_id where t1_0.story_id=?"; expected "identifier"; SQL statement:
select t1_0.story_id,t1_1.id,t1_1.description,t1_1.name,t1_1.value,t1_1.story_id from stories_therapies t1_0 join therapies t1_1 on t1_1.id=t1_0.therapies_id where t1_0.story_id=? [42001-214]
	at org.h2.message.DbException.getJdbcSQLException(DbException.java:502)
	at org.h2.message.DbException.getJdbcSQLException(DbException.java:477)
	at org.h2.message.DbException.getSyntaxError(DbException.java:261)
	at org.h2.command.Parser.readIdentifier(Parser.java:5656)
	at org.h2.command.Parser.readTermObjectDot(Parser.java:4838)
	at org.h2.command.Parser.readTermWithIdentifier(Parser.java:5213)
	at org.h2.command.Parser.readTerm(Parser.java:4901)
	at org.h2.command.Parser.readFactor(Parser.java:3398)
	at org.h2.command.Parser.readSum(Parser.java:3385)
	at org.h2.command.Parser.readConcat(Parser.java:3350)
	at org.h2.command.Parser.readCondition(Parser.java:3132)
	at org.h2.command.Parser.readExpression(Parser.java:3053)
	at org.h2.command.Parser.parseSelectExpressions(Parser.java:2853)
	at org.h2.command.Parser.parseSelect(Parser.java:2871)
	at org.h2.command.Parser.parseQueryPrimary(Parser.java:2762)
	at org.h2.command.Parser.parseQueryTerm(Parser.java:2633)
	at org.h2.command.Parser.parseQueryExpressionBody(Parser.java:2612)
	at org.h2.command.Parser.parseQueryExpressionBodyAndEndOfQuery(Parser.java:2605)
	at org.h2.command.Parser.parseQueryExpression(Parser.java:2598)
	at org.h2.command.Parser.parseQuery(Parser.java:2567)
	at org.h2.command.Parser.parsePrepared(Parser.java:724)
	at org.h2.command.Parser.parse(Parser.java:689)
	at org.h2.command.Parser.parse(Parser.java:661)
	at org.h2.command.Parser.prepareCommand(Parser.java:569)
	at org.h2.engine.SessionLocal.prepareLocal(SessionLocal.java:631)
	at org.h2.engine.SessionLocal.prepareCommand(SessionLocal.java:554)
	at org.h2.jdbc.JdbcConnection.prepareCommand(JdbcConnection.java:1116)
	at org.h2.jdbc.JdbcPreparedStatement.<init>(JdbcPreparedStatement.java:92)
	at org.h2.jdbc.JdbcConnection.prepareStatement(JdbcConnection.java:288)
	at com.zaxxer.hikari.pool.ProxyConnection.prepareStatement(ProxyConnection.java:327)
	at com.zaxxer.hikari.pool.HikariProxyConnection.prepareStatement(HikariProxyConnection.java)
	at org.hibernate.engine.jdbc.internal.StatementPreparerImpl$1.doPrepare(StatementPreparerImpl.java:90)
	at org.hibernate.engine.jdbc.internal.StatementPreparerImpl$StatementPreparationTemplate.prepareStatement(StatementPreparerImpl.java:176)
	at org.hibernate.engine.jdbc.internal.StatementPreparerImpl.prepareStatement(StatementPreparerImpl.java:75)
	at org.hibernate.sql.exec.internal.JdbcSelectExecutorStandardImpl.lambda$list$0(JdbcSelectExecutorStandardImpl.java:100)
	at org.hibernate.sql.results.jdbc.internal.DeferredResultSetAccess.executeQuery(DeferredResultSetAccess.java:171)
	at org.hibernate.sql.results.jdbc.internal.DeferredResultSetAccess.getResultSet(DeferredResultSetAccess.java:146)
	at org.hibernate.sql.results.jdbc.internal.JdbcValuesResultSetImpl.advanceNext(JdbcValuesResultSetImpl.java:205)
	at org.hibernate.sql.results.jdbc.internal.JdbcValuesResultSetImpl.processNext(JdbcValuesResultSetImpl.java:85)
	at org.hibernate.sql.results.jdbc.internal.AbstractJdbcValues.next(AbstractJdbcValues.java:29)
	at org.hibernate.sql.results.internal.RowProcessingStateStandardImpl.next(RowProcessingStateStandardImpl.java:88)
	at org.hibernate.sql.results.spi.ListResultsConsumer.consume(ListResultsConsumer.java:177)
	at org.hibernate.sql.results.spi.ListResultsConsumer.consume(ListResultsConsumer.java:33)
	at org.hibernate.sql.exec.internal.JdbcSelectExecutorStandardImpl.doExecuteQuery(JdbcSelectExecutorStandardImpl.java:443)
	at org.hibernate.sql.exec.internal.JdbcSelectExecutorStandardImpl.executeQuery(JdbcSelectExecutorStandardImpl.java:166)
	at org.hibernate.sql.exec.internal.JdbcSelectExecutorStandardImpl.list(JdbcSelectExecutorStandardImpl.java:91)
	at org.hibernate.sql.exec.spi.JdbcSelectExecutor.list(JdbcSelectExecutor.java:31)
	at org.hibernate.loader.ast.internal.CollectionLoaderSingleKey.load(CollectionLoaderSingleKey.java:121)
	at org.hibernate.persister.collection.AbstractCollectionPersister.initialize(AbstractCollectionPersister.java:789)
	at org.hibernate.event.internal.DefaultInitializeCollectionEventListener.onInitializeCollection(DefaultInitializeCollectionEventListener.java:75)
	at org.hibernate.event.service.internal.EventListenerGroupImpl.fireEventOnEachListener(EventListenerGroupImpl.java:107)
	at org.hibernate.internal.SessionImpl.initializeCollection(SessionImpl.java:1710)
	at org.hibernate.collection.spi.AbstractPersistentCollection.lambda$initialize$3(AbstractPersistentCollection.java:617)
	at org.hibernate.collection.spi.AbstractPersistentCollection.withTemporarySessionIfNeeded(AbstractPersistentCollection.java:265)
	at org.hibernate.collection.spi.AbstractPersistentCollection.initialize(AbstractPersistentCollection.java:615)
	at org.hibernate.collection.spi.AbstractPersistentCollection.read(AbstractPersistentCollection.java:136)
	at org.hibernate.collection.spi.AbstractPersistentCollection.lambda$readSize$0(AbstractPersistentCollection.java:163)
	at org.hibernate.collection.spi.AbstractPersistentCollection.withTemporarySessionIfNeeded(AbstractPersistentCollection.java:265)
	at org.hibernate.collection.spi.AbstractPersistentCollection.readSize(AbstractPersistentCollection.java:148)
	at org.hibernate.collection.spi.PersistentBag.size(PersistentBag.java:350)
	at com.healyourself.ok_treatments.mapper.TherapyMapperImpl.getNamesFromTherapies(TherapyMapperImpl.java:58)
	at com.healyourself.ok_treatments.mapper.StoryMapperImpl.toDTO(StoryMapperImpl.java:62)
	at com.healyourself.ok_treatments.mapper.StoryMapperImpl.storiesToDTOs(StoryMapperImpl.java:92)
	at com.healyourself.ok_treatments.service.implementation.StoryServiceImpl.getAllStories(StoryServiceImpl.java:58)
	at java.base/jdk.internal.reflect.DirectMethodHandleAccessor.invoke(DirectMethodHandleAccessor.java:104)
	at java.base/java.lang.reflect.Method.invoke(Method.java:578)
	at org.springframework.aop.support.AopUtils.invokeJoinpointUsingReflection(AopUtils.java:343)
	at org.springframework.aop.framework.ReflectiveMethodInvocation.invokeJoinpoint(ReflectiveMethodInvocation.java:196)
	at org.springframework.aop.framework.ReflectiveMethodInvocation.proceed(ReflectiveMethodInvocation.java:163)
	at org.springframework.aop.framework.CglibAopProxy$CglibMethodInvocation.proceed(CglibAopProxy.java:750)
	at org.springframework.aop.framework.adapter.MethodBeforeAdviceInterceptor.invoke(MethodBeforeAdviceInterceptor.java:58)
	at org.springframework.aop.framework.ReflectiveMethodInvocation.proceed(ReflectiveMethodInvocation.java:184)
	at org.springframework.aop.framework.CglibAopProxy$CglibMethodInvocation.proceed(CglibAopProxy.java:750)
	at org.springframework.aop.interceptor.ExposeInvocationInterceptor.invoke(ExposeInvocationInterceptor.java:97)
	at org.springframework.aop.framework.ReflectiveMethodInvocation.proceed(ReflectiveMethodInvocation.java:184)
	at org.springframework.aop.framework.CglibAopProxy$CglibMethodInvocation.proceed(CglibAopProxy.java:750)
	at org.springframework.aop.framework.CglibAopProxy$DynamicAdvisedInterceptor.intercept(CglibAopProxy.java:702)
	at com.healyourself.ok_treatments.service.implementation.StoryServiceImpl$$SpringCGLIB$$0.getAllStories(<generated>)
	at com.healyourself.ok_treatments.controller.StoryController.getAllStories(StoryController.java:51)
	at java.base/jdk.internal.reflect.DirectMethodHandleAccessor.invoke(DirectMethodHandleAccessor.java:104)
	at java.base/java.lang.reflect.Method.invoke(Method.java:578)
	at org.springframework.aop.support.AopUtils.invokeJoinpointUsingReflection(AopUtils.java:343)
	at org.springframework.aop.framework.ReflectiveMethodInvocation.invokeJoinpoint(ReflectiveMethodInvocation.java:196)
	at org.springframework.aop.framework.ReflectiveMethodInvocation.proceed(ReflectiveMethodInvocation.java:163)
	at org.springframework.aop.framework.CglibAopProxy$CglibMethodInvocation.proceed(CglibAopProxy.java:750)
	at org.springframework.validation.beanvalidation.MethodValidationInterceptor.invoke(MethodValidationInterceptor.java:141)
	at org.springframework.aop.framework.ReflectiveMethodInvocation.proceed(ReflectiveMethodInvocation.java:184)
	at org.springframework.aop.framework.CglibAopProxy$CglibMethodInvocation.proceed(CglibAopProxy.java:750)
	at org.springframework.aop.aspectj.AspectJAfterThrowingAdvice.invoke(AspectJAfterThrowingAdvice.java:64)
	at org.springframework.aop.framework.ReflectiveMethodInvocation.proceed(ReflectiveMethodInvocation.java:184)
	at org.springframework.aop.framework.CglibAopProxy$CglibMethodInvocation.proceed(CglibAopProxy.java:750)
	at org.springframework.aop.framework.adapter.AfterReturningAdviceInterceptor.invoke(AfterReturningAdviceInterceptor.java:57)
	at org.springframework.aop.framework.ReflectiveMethodInvocation.proceed(ReflectiveMethodInvocation.java:184)
	at org.springframework.aop.framework.CglibAopProxy$CglibMethodInvocation.proceed(CglibAopProxy.java:750)
	at org.springframework.aop.framework.adapter.MethodBeforeAdviceInterceptor.invoke(MethodBeforeAdviceInterceptor.java:58)
	at org.springframework.aop.framework.ReflectiveMethodInvocation.proceed(ReflectiveMethodInvocation.java:184)
	at org.springframework.aop.framework.CglibAopProxy$CglibMethodInvocation.proceed(CglibAopProxy.java:750)
	at org.springframework.aop.interceptor.ExposeInvocationInterceptor.invoke(ExposeInvocationInterceptor.java:97)
	at org.springframework.aop.framework.ReflectiveMethodInvocation.proceed(ReflectiveMethodInvocation.java:184)
	at org.springframework.aop.framework.CglibAopProxy$CglibMethodInvocation.proceed(CglibAopProxy.java:750)
	at org.springframework.aop.framework.CglibAopProxy$DynamicAdvisedInterceptor.intercept(CglibAopProxy.java:702)
	at com.healyourself.ok_treatments.controller.StoryController$$SpringCGLIB$$0.getAllStories(<generated>)
	at java.base/jdk.internal.reflect.DirectMethodHandleAccessor.invoke(DirectMethodHandleAccessor.java:104)
	at java.base/java.lang.reflect.Method.invoke(Method.java:578)
	at org.springframework.web.method.support.InvocableHandlerMethod.doInvoke(InvocableHandlerMethod.java:207)
	at org.springframework.web.method.support.InvocableHandlerMethod.invokeForRequest(InvocableHandlerMethod.java:152)
	at org.springframework.web.servlet.mvc.method.annotation.ServletInvocableHandlerMethod.invokeAndHandle(ServletInvocableHandlerMethod.java:117)
	at org.springframework.web.servlet.mvc.method.annotation.RequestMappingHandlerAdapter.invokeHandlerMethod(RequestMappingHandlerAdapter.java:884)
	at org.springframework.web.servlet.mvc.method.annotation.RequestMappingHandlerAdapter.handleInternal(RequestMappingHandlerAdapter.java:797)
	at org.springframework.web.servlet.mvc.method.AbstractHandlerMethodAdapter.handle(AbstractHandlerMethodAdapter.java:87)
	at org.springframework.web.servlet.DispatcherServlet.doDispatch(DispatcherServlet.java:1081)
	at org.springframework.web.servlet.DispatcherServlet.doService(DispatcherServlet.java:974)
	at org.springframework.web.servlet.FrameworkServlet.processRequest(FrameworkServlet.java:1011)
	at org.springframework.web.servlet.FrameworkServlet.doGet(FrameworkServlet.java:903)
	at jakarta.servlet.http.HttpServlet.service(HttpServlet.java:705)
	at org.springframework.web.servlet.FrameworkServlet.service(FrameworkServlet.java:885)
	at jakarta.servlet.http.HttpServlet.service(HttpServlet.java:814)
	at org.apache.catalina.core.ApplicationFilterChain.internalDoFilter(ApplicationFilterChain.java:223)
	at org.apache.catalina.core.ApplicationFilterChain.doFilter(ApplicationFilterChain.java:158)
	at org.apache.tomcat.websocket.server.WsFilter.doFilter(WsFilter.java:53)
	at org.apache.catalina.core.ApplicationFilterChain.internalDoFilter(ApplicationFilterChain.java:185)
	at org.apache.catalina.core.ApplicationFilterChain.doFilter(ApplicationFilterChain.java:158)
	at org.springframework.web.filter.RequestContextFilter.doFilterInternal(RequestContextFilter.java:100)
	at org.springframework.web.filter.OncePerRequestFilter.doFilter(OncePerRequestFilter.java:116)
	at org.apache.catalina.core.ApplicationFilterChain.internalDoFilter(ApplicationFilterChain.java:185)
	at org.apache.catalina.core.ApplicationFilterChain.doFilter(ApplicationFilterChain.java:158)
	at org.springframework.web.filter.FormContentFilter.doFilterInternal(FormContentFilter.java:93)
	at org.springframework.web.filter.OncePerRequestFilter.doFilter(OncePerRequestFilter.java:116)
	at org.apache.catalina.core.ApplicationFilterChain.internalDoFilter(ApplicationFilterChain.java:185)
	at org.apache.catalina.core.ApplicationFilterChain.doFilter(ApplicationFilterChain.java:158)
	at org.springframework.web.filter.ServerHttpObservationFilter.doFilterInternal(ServerHttpObservationFilter.java:109)
	at org.springframework.web.filter.OncePerRequestFilter.doFilter(OncePerRequestFilter.java:116)
	at org.apache.catalina.core.ApplicationFilterChain.internalDoFilter(ApplicationFilterChain.java:185)
	at org.apache.catalina.core.ApplicationFilterChain.doFilter(ApplicationFilterChain.java:158)
	at org.springframework.web.filter.CharacterEncodingFilter.doFilterInternal(CharacterEncodingFilter.java:201)
	at org.springframework.web.filter.OncePerRequestFilter.doFilter(OncePerRequestFilter.java:116)
	at org.apache.catalina.core.ApplicationFilterChain.internalDoFilter(ApplicationFilterChain.java:185)
	at org.apache.catalina.core.ApplicationFilterChain.doFilter(ApplicationFilterChain.java:158)
	at org.apache.catalina.core.StandardWrapperValve.invoke(StandardWrapperValve.java:177)
	at org.apache.catalina.core.StandardContextValve.invoke(StandardContextValve.java:97)
	at org.apache.catalina.authenticator.AuthenticatorBase.invoke(AuthenticatorBase.java:542)
	at org.apache.catalina.core.StandardHostValve.invoke(StandardHostValve.java:119)
	at org.apache.catalina.valves.ErrorReportValve.invoke(ErrorReportValve.java:92)
	at org.apache.catalina.core.StandardEngineValve.invoke(StandardEngineValve.java:78)
	at org.apache.catalina.connector.CoyoteAdapter.service(CoyoteAdapter.java:357)
	at org.apache.coyote.http11.Http11Processor.service(Http11Processor.java:400)
	at org.apache.coyote.AbstractProcessorLight.process(AbstractProcessorLight.java:65)
	at org.apache.coyote.AbstractProtocol$ConnectionHandler.process(AbstractProtocol.java:859)
	at org.apache.tomcat.util.net.NioEndpoint$SocketProcessor.doRun(NioEndpoint.java:1734)
	at org.apache.tomcat.util.net.SocketProcessorBase.run(SocketProcessorBase.java:52)
	at org.apache.tomcat.util.threads.ThreadPoolExecutor.runWorker(ThreadPoolExecutor.java:1191)
	at org.apache.tomcat.util.threads.ThreadPoolExecutor$Worker.run(ThreadPoolExecutor.java:659)
	at org.apache.tomcat.util.threads.TaskThread$WrappingRunnable.run(TaskThread.java:61)
	at java.base/java.lang.Thread.run(Thread.java:1623)
24.03.2023 03:04:54.570 [HikariPool-1 housekeeper] WARN  c.z.h.p.HikariPool - HikariPool-1 - Thread starvation or clock leap detected (housekeeper delta=1h6m48s846ms).
24.03.2023 04:14:13.543 [HikariPool-1 housekeeper] WARN  c.z.h.p.HikariPool - HikariPool-1 - Thread starvation or clock leap detected (housekeeper delta=1h9m18s974ms).
24.03.2023 05:20:33.338 [HikariPool-1 housekeeper] WARN  c.z.h.p.HikariPool - HikariPool-1 - Thread starvation or clock leap detected (housekeeper delta=1h6m19s795ms).
24.03.2023 06:44:12.002 [HikariPool-1 housekeeper] WARN  c.z.h.p.HikariPool - HikariPool-1 - Thread starvation or clock leap detected (housekeeper delta=1h23m38s664ms).
24.03.2023 07:49:00.194 [HikariPool-1 housekeeper] WARN  c.z.h.p.HikariPool - HikariPool-1 - Thread starvation or clock leap detected (housekeeper delta=1h4m48s192ms).
24.03.2023 08:55:03.936 [HikariPool-1 housekeeper] WARN  c.z.h.p.HikariPool - HikariPool-1 - Thread starvation or clock leap detected (housekeeper delta=1h6m3s742ms).
24.03.2023 10:00:26.583 [HikariPool-1 housekeeper] WARN  c.z.h.p.HikariPool - HikariPool-1 - Thread starvation or clock leap detected (housekeeper delta=1h5m22s646ms).
24.03.2023 11:03:29.118 [HikariPool-1 housekeeper] WARN  c.z.h.p.HikariPool - HikariPool-1 - Thread starvation or clock leap detected (housekeeper delta=1h3m2s536ms).
24.03.2023 11:05:04.214 [HikariPool-1 housekeeper] WARN  c.z.h.p.HikariPool - HikariPool-1 - Thread starvation or clock leap detected (housekeeper delta=1m35s96ms).
